  convgpx.c
D:\work\local_repositories\RTKLIB_243b34_demo\RTKLIB_v243_b34_vs_proj\src\rtklib.h(45,10): fatal  error C1083: 无法打开包括文件: “pthread.h”: No such file or directory
  convkml.c
D:\work\local_repositories\RTKLIB_243b34_demo\RTKLIB_v243_b34_vs_proj\src\rtklib.h(45,10): fatal  error C1083: 无法打开包括文件: “pthread.h”: No such file or directory
  convrnx.c
D:\work\local_repositories\RTKLIB_243b34_demo\RTKLIB_v243_b34_vs_proj\src\rtklib.h(45,10): fatal  error C1083: 无法打开包括文件: “pthread.h”: No such file or directory
  datum.c
D:\work\local_repositories\RTKLIB_243b34_demo\RTKLIB_v243_b34_vs_proj\src\rtklib.h(45,10): fatal  error C1083: 无法打开包括文件: “pthread.h”: No such file or directory
  download.c
D:\work\local_repositories\RTKLIB_243b34_demo\RTKLIB_v243_b34_vs_proj\src\rtklib.h(45,10): fatal  error C1083: 无法打开包括文件: “pthread.h”: No such file or directory
  ephemeris.c
D:\work\local_repositories\RTKLIB_243b34_demo\RTKLIB_v243_b34_vs_proj\src\rtklib.h(45,10): fatal  error C1083: 无法打开包括文件: “pthread.h”: No such file or directory
  geoid.c
D:\work\local_repositories\RTKLIB_243b34_demo\RTKLIB_v243_b34_vs_proj\src\rtklib.h(45,10): fatal  error C1083: 无法打开包括文件: “pthread.h”: No such file or directory
  gis.c
D:\work\local_repositories\RTKLIB_243b34_demo\RTKLIB_v243_b34_vs_proj\src\rtklib.h(45,10): fatal  error C1083: 无法打开包括文件: “pthread.h”: No such file or directory
  ionex.c
D:\work\local_repositories\RTKLIB_243b34_demo\RTKLIB_v243_b34_vs_proj\src\rtklib.h(45,10): fatal  error C1083: 无法打开包括文件: “pthread.h”: No such file or directory
  lambda.c
D:\work\local_repositories\RTKLIB_243b34_demo\RTKLIB_v243_b34_vs_proj\src\rtklib.h(45,10): fatal  error C1083: 无法打开包括文件: “pthread.h”: No such file or directory
  main.c
D:\work\local_repositories\RTKLIB_243b34_demo\RTKLIB_v243_b34_vs_proj\src\rtklib.h(45,10): fatal  error C1083: 无法打开包括文件: “pthread.h”: No such file or directory
  options.c
D:\work\local_repositories\RTKLIB_243b34_demo\RTKLIB_v243_b34_vs_proj\src\rtklib.h(45,10): fatal  error C1083: 无法打开包括文件: “pthread.h”: No such file or directory
  pntpos.c
D:\work\local_repositories\RTKLIB_243b34_demo\RTKLIB_v243_b34_vs_proj\src\rtklib.h(45,10): fatal  error C1083: 无法打开包括文件: “pthread.h”: No such file or directory
  postpos.c
D:\work\local_repositories\RTKLIB_243b34_demo\RTKLIB_v243_b34_vs_proj\src\rtklib.h(45,10): fatal  error C1083: 无法打开包括文件: “pthread.h”: No such file or directory
  ppp.c
D:\work\local_repositories\RTKLIB_243b34_demo\RTKLIB_v243_b34_vs_proj\src\rtklib.h(45,10): fatal  error C1083: 无法打开包括文件: “pthread.h”: No such file or directory
  ppp_ar.c
D:\work\local_repositories\RTKLIB_243b34_demo\RTKLIB_v243_b34_vs_proj\src\rtklib.h(45,10): fatal  error C1083: 无法打开包括文件: “pthread.h”: No such file or directory
  preceph.c
D:\work\local_repositories\RTKLIB_243b34_demo\RTKLIB_v243_b34_vs_proj\src\rtklib.h(45,10): fatal  error C1083: 无法打开包括文件: “pthread.h”: No such file or directory
  rcvraw.c
D:\work\local_repositories\RTKLIB_243b34_demo\RTKLIB_v243_b34_vs_proj\src\rtklib.h(45,10): fatal  error C1083: 无法打开包括文件: “pthread.h”: No such file or directory
  binex.c
D:\work\local_repositories\RTKLIB_243b34_demo\RTKLIB_v243_b34_vs_proj\src\rcv\binex.c(34,10): fatal  error C1083: 无法打开包括文件: “rtklib.h”: No such file or directory
  crescent.c
D:\work\local_repositories\RTKLIB_243b34_demo\RTKLIB_v243_b34_vs_proj\src\rcv\crescent.c(31,10): fatal  error C1083: 无法打开包括文件: “rtklib.h”: No such file or directory
  正在编译...
  javad.c
D:\work\local_repositories\RTKLIB_243b34_demo\RTKLIB_v243_b34_vs_proj\src\rcv\javad.c(55,10): fatal  error C1083: 无法打开包括文件: “rtklib.h”: No such file or directory
  novatel.c
D:\work\local_repositories\RTKLIB_243b34_demo\RTKLIB_v243_b34_vs_proj\src\rcv\novatel.c(77,10): fatal  error C1083: 无法打开包括文件: “rtklib.h”: No such file or directory
  nvs.c
D:\work\local_repositories\RTKLIB_243b34_demo\RTKLIB_v243_b34_vs_proj\src\rcv\nvs.c(24,10): fatal  error C1083: 无法打开包括文件: “rtklib.h”: No such file or directory
  rt17.c
D:\work\local_repositories\RTKLIB_243b34_demo\RTKLIB_v243_b34_vs_proj\src\rcv\rt17.c(248,10): fatal  error C1083: 无法打开包括文件: “rtklib.h”: No such file or directory
  septentrio.c
D:\work\local_repositories\RTKLIB_243b34_demo\RTKLIB_v243_b34_vs_proj\src\rcv\septentrio.c(40,10): fatal  error C1083: 无法打开包括文件: “rtklib.h”: No such file or directory
  skytraq.c
D:\work\local_repositories\RTKLIB_243b34_demo\RTKLIB_v243_b34_vs_proj\src\rcv\skytraq.c(44,10): fatal  error C1083: 无法打开包括文件: “rtklib.h”: No such file or directory
  ss2.c
D:\work\local_repositories\RTKLIB_243b34_demo\RTKLIB_v243_b34_vs_proj\src\rcv\ss2.c(19,10): fatal  error C1083: 无法打开包括文件: “rtklib.h”: No such file or directory
  ublox.c
D:\work\local_repositories\RTKLIB_243b34_demo\RTKLIB_v243_b34_vs_proj\src\rcv\ublox.c(79,10): fatal  error C1083: 无法打开包括文件: “rtklib.h”: No such file or directory
  rinex.c
D:\work\local_repositories\RTKLIB_243b34_demo\RTKLIB_v243_b34_vs_proj\src\rtklib.h(45,10): fatal  error C1083: 无法打开包括文件: “pthread.h”: No such file or directory
  rtcm.c
D:\work\local_repositories\RTKLIB_243b34_demo\RTKLIB_v243_b34_vs_proj\src\rtklib.h(45,10): fatal  error C1083: 无法打开包括文件: “pthread.h”: No such file or directory
  rtcm2.c
D:\work\local_repositories\RTKLIB_243b34_demo\RTKLIB_v243_b34_vs_proj\src\rtklib.h(45,10): fatal  error C1083: 无法打开包括文件: “pthread.h”: No such file or directory
  rtcm3.c
D:\work\local_repositories\RTKLIB_243b34_demo\RTKLIB_v243_b34_vs_proj\src\rtklib.h(45,10): fatal  error C1083: 无法打开包括文件: “pthread.h”: No such file or directory
  rtcm3e.c
D:\work\local_repositories\RTKLIB_243b34_demo\RTKLIB_v243_b34_vs_proj\src\rtklib.h(45,10): fatal  error C1083: 无法打开包括文件: “pthread.h”: No such file or directory
  rtkcmn.c
D:\work\local_repositories\RTKLIB_243b34_demo\RTKLIB_v243_b34_vs_proj\src\rtkcmn.c(151,10): fatal  error C1083: 无法打开包括文件: “dirent.h”: No such file or directory
  rtkpos.c
D:\work\local_repositories\RTKLIB_243b34_demo\RTKLIB_v243_b34_vs_proj\src\rtklib.h(45,10): fatal  error C1083: 无法打开包括文件: “pthread.h”: No such file or directory
  rtksvr.c
D:\work\local_repositories\RTKLIB_243b34_demo\RTKLIB_v243_b34_vs_proj\src\rtklib.h(45,10): fatal  error C1083: 无法打开包括文件: “pthread.h”: No such file or directory
  sbas.c
D:\work\local_repositories\RTKLIB_243b34_demo\RTKLIB_v243_b34_vs_proj\src\rtklib.h(45,10): fatal  error C1083: 无法打开包括文件: “pthread.h”: No such file or directory
  solution.c
D:\work\local_repositories\RTKLIB_243b34_demo\RTKLIB_v243_b34_vs_proj\src\rtklib.h(45,10): fatal  error C1083: 无法打开包括文件: “pthread.h”: No such file or directory
  stream.c
D:\work\local_repositories\RTKLIB_243b34_demo\RTKLIB_v243_b34_vs_proj\src\rtklib.h(45,10): fatal  error C1083: 无法打开包括文件: “pthread.h”: No such file or directory
  streamsvr.c
D:\work\local_repositories\RTKLIB_243b34_demo\RTKLIB_v243_b34_vs_proj\src\rtklib.h(45,10): fatal  error C1083: 无法打开包括文件: “pthread.h”: No such file or directory
  正在编译...
  tides.c
D:\work\local_repositories\RTKLIB_243b34_demo\RTKLIB_v243_b34_vs_proj\src\rtklib.h(45,10): fatal  error C1083: 无法打开包括文件: “pthread.h”: No such file or directory
  tle.c
D:\work\local_repositories\RTKLIB_243b34_demo\RTKLIB_v243_b34_vs_proj\src\rtklib.h(45,10): fatal  error C1083: 无法打开包括文件: “pthread.h”: No such file or directory
